2020-12-10T04:18:54.362Z|info : amplify init core  
2020-12-10T04:19:37.374Z|info : amplify-provider-awscloudformation.amplify-service-permission-check.checkAmplifyServiceIAMPermission.amplifyClient.listApps([])
2020-12-10T04:19:37.609Z|info : amplify-provider-awscloudformation.amplify-service-manager.init.amplifyClient.createApp([{"name":"[***]ehub","environmentVariables":{"_LIVE_PACKAGE_UPDATES":"[{\"pkg\":\"@aws-amplify/cli\",\"type\":\"npm\",\"version\":\"latest\"}]"}}])
2020-12-10T04:19:41.230Z|info : amplify-provider-awscloudformation.amplify-service-manager.init.amplifyClient.getBackendEnvironment([{"appId":"[***]d6bbsg","environmentName":"[***]ev"}])
2020-12-10T04:19:41.554Z|error : amplify-provider-awscloudformation.amplify-service-manager.init.amplifyClient.getBackendEnvironment([{"appId":"[***]d6bbsg","environmentName":"[***]ev"}])
NotFoundException: BackendEnvironment dev does not exist.
2020-12-10T04:19:41.554Z|info : amplify-provider-awscloudformation.amplify-service-manager.init.amplifyClient.getBackendEnvironment([{"appId":"[***]d6bbsg","environmentName":"[***]ev","stackName":"[***]ify-[***]ehub-[***]ev-[***]937","deploymentArtifacts":"amplify-mygamehub-dev-201937-deployment"}])
2020-12-10T04:20:13.293Z|info : amplify-provider-awscloudformation.attach-backend.storeCurrentCloudBackend.s3.uploadFile([{"Key":"[***]rent-[***]ud-[***]d.zip"}])
2020-12-10T04:20:13.298Z|info : amplify-provider-awscloudformation.aws-s3.uploadFile.s3.putObject([{"Key":"[***]rent-[***]ud-[***]d.zip","Bucket":"[***]ify-[***]ehub-[***]ev-[***]937-[***]ment"}])
2020-12-10T04:20:13.692Z|info : amplify-provider-awscloudformation.attach-backend.uploadFile.s3.uploadFile([{"Key":"[***]ify-[***]json"}])
2020-12-10T04:20:13.692Z|info : amplify-provider-awscloudformation.aws-s3.uploadFile.s3.putObject([{"Key":"[***]ify-[***]json","Bucket":"[***]ify-[***]ehub-[***]ev-[***]937-[***]ment"}])
2020-12-10T04:21:03.514Z|info : amplify push core  {"yes":true}
2020-12-10T04:21:09.030Z|info : amplify-provider-awscloudformation.zip-util.downloadZip.s3.getFile([{"Key":"[***]rent-[***]ud-[***]d.zip"},null])
2020-12-10T04:21:09.032Z|info : amplify-provider-awscloudformation.aws-s3.s3.getFile([{"Key":"[***]rent-[***]ud-[***]d.zip","Bucket":"[***]ify-[***]ehub-[***]ev-[***]937-[***]ment"}])
2020-12-10T04:21:10.455Z|info : amplify-provider-awscloudformation.initialize-env.run.cfn.updateamplifyMetaFileWithStackOutputs([{"StackName":"[***]ify-[***]ehub-[***]ev-[***]937"}])
2020-12-10T04:21:11.261Z|info : amplify-provider-awscloudformation.aws-s3.s3.getFile([{"Key":"[***]ify-[***]json","Bucket":"[***]ify-[***]ehub-[***]ev-[***]937-[***]ment"}])
2020-12-10T04:26:40.701Z|info : amplify add api  
2020-12-10T04:28:56.037Z|info : amplify push core  {"yes":true}
2020-12-10T04:29:00.892Z|info : amplify-provider-awscloudformation.zip-util.downloadZip.s3.getFile([{"Key":"[***]rent-[***]ud-[***]d.zip"},null])
2020-12-10T04:29:00.894Z|info : amplify-provider-awscloudformation.aws-s3.s3.getFile([{"Key":"[***]rent-[***]ud-[***]d.zip","Bucket":"[***]ify-[***]ehub-[***]ev-[***]937-[***]ment"}])
2020-12-10T04:29:01.240Z|info : amplify-provider-awscloudformation.initialize-env.run.cfn.updateamplifyMetaFileWithStackOutputs([{"StackName":"[***]ify-[***]ehub-[***]ev-[***]937"}])
2020-12-10T04:29:01.609Z|info : amplify-provider-awscloudformation.aws-s3.s3.getFile([{"Key":"[***]ify-[***]json","Bucket":"[***]ify-[***]ehub-[***]ev-[***]937-[***]ment"}])
2020-12-10T04:29:03.002Z|info : amplify-provider-awscloudformation.upload-appsync-files.uploadAppSyncFiles.upload.s3Client.uploadFile([{"Key":"[***]mation-[***]e.json"}])
2020-12-10T04:29:03.003Z|info : amplify-provider-awscloudformation.aws-s3.uploadFile.s3.putObject([{"Key":"[***]ify-[***]ync-[***]es/[***]e5e05e40d55f5b4b/[***]mation-[***]e.json","Bucket":"[***]ify-[***]ehub-[***]ev-[***]937-[***]ment"}])
2020-12-10T04:29:03.005Z|info : amplify-provider-awscloudformation.upload-appsync-files.uploadAppSyncFiles.upload.s3Client.uploadFile([{"Key":"[***]s.json"}])
2020-12-10T04:29:03.005Z|info : amplify-provider-awscloudformation.aws-s3.uploadFile.s3.putObject([{"Key":"[***]ify-[***]ync-[***]es/[***]e5e05e40d55f5b4b/[***]s.json","Bucket":"[***]ify-[***]ehub-[***]ev-[***]937-[***]ment"}])
2020-12-10T04:29:03.007Z|info : amplify-provider-awscloudformation.upload-appsync-files.uploadAppSyncFiles.upload.s3Client.uploadFile([{"Key":"[***]vers/[***]ote.req.vtl"}])
2020-12-10T04:29:03.007Z|info : amplify-provider-awscloudformation.aws-s3.uploadFile.s3.putObject([{"Key":"[***]ify-[***]ync-[***]es/[***]e5e05e40d55f5b4b/[***]vers/[***]ote.req.vtl","Bucket":"[***]ify-[***]ehub-[***]ev-[***]937-[***]ment"}])
2020-12-10T04:29:03.008Z|info : amplify-provider-awscloudformation.upload-appsync-files.uploadAppSyncFiles.upload.s3Client.uploadFile([{"Key":"[***]vers/[***]ote.res.vtl"}])
2020-12-10T04:29:03.008Z|info : amplify-provider-awscloudformation.aws-s3.uploadFile.s3.putObject([{"Key":"[***]ify-[***]ync-[***]es/[***]e5e05e40d55f5b4b/[***]vers/[***]ote.res.vtl","Bucket":"[***]ify-[***]ehub-[***]ev-[***]937-[***]ment"}])
2020-12-10T04:29:03.010Z|info : amplify-provider-awscloudformation.upload-appsync-files.uploadAppSyncFiles.upload.s3Client.uploadFile([{"Key":"[***]vers/[***]ote.req.vtl"}])
2020-12-10T04:29:03.010Z|info : amplify-provider-awscloudformation.aws-s3.uploadFile.s3.putObject([{"Key":"[***]ify-[***]ync-[***]es/[***]e5e05e40d55f5b4b/[***]vers/[***]ote.req.vtl","Bucket":"[***]ify-[***]ehub-[***]ev-[***]937-[***]ment"}])
2020-12-10T04:29:03.011Z|info : amplify-provider-awscloudformation.upload-appsync-files.uploadAppSyncFiles.upload.s3Client.uploadFile([{"Key":"[***]vers/[***]ote.res.vtl"}])
2020-12-10T04:29:03.011Z|info : amplify-provider-awscloudformation.aws-s3.uploadFile.s3.putObject([{"Key":"[***]ify-[***]ync-[***]es/[***]e5e05e40d55f5b4b/[***]vers/[***]ote.res.vtl","Bucket":"[***]ify-[***]ehub-[***]ev-[***]937-[***]ment"}])
2020-12-10T04:29:03.012Z|info : amplify-provider-awscloudformation.upload-appsync-files.uploadAppSyncFiles.upload.s3Client.uploadFile([{"Key":"[***]vers/[***]ote.req.vtl"}])
2020-12-10T04:29:03.013Z|info : amplify-provider-awscloudformation.aws-s3.uploadFile.s3.putObject([{"Key":"[***]ify-[***]ync-[***]es/[***]e5e05e40d55f5b4b/[***]vers/[***]ote.req.vtl","Bucket":"[***]ify-[***]ehub-[***]ev-[***]937-[***]ment"}])
2020-12-10T04:29:03.014Z|info : amplify-provider-awscloudformation.upload-appsync-files.uploadAppSyncFiles.upload.s3Client.uploadFile([{"Key":"[***]vers/[***]ote.res.vtl"}])
2020-12-10T04:29:03.014Z|info : amplify-provider-awscloudformation.aws-s3.uploadFile.s3.putObject([{"Key":"[***]ify-[***]ync-[***]es/[***]e5e05e40d55f5b4b/[***]vers/[***]ote.res.vtl","Bucket":"[***]ify-[***]ehub-[***]ev-[***]937-[***]ment"}])
2020-12-10T04:29:03.015Z|info : amplify-provider-awscloudformation.upload-appsync-files.uploadAppSyncFiles.upload.s3Client.uploadFile([{"Key":"[***]vers/[***]e.req.vtl"}])
2020-12-10T04:29:03.016Z|info : amplify-provider-awscloudformation.aws-s3.uploadFile.s3.putObject([{"Key":"[***]ify-[***]ync-[***]es/[***]e5e05e40d55f5b4b/[***]vers/[***]e.req.vtl","Bucket":"[***]ify-[***]ehub-[***]ev-[***]937-[***]ment"}])
2020-12-10T04:29:03.017Z|info : amplify-provider-awscloudformation.upload-appsync-files.uploadAppSyncFiles.upload.s3Client.uploadFile([{"Key":"[***]vers/[***]e.res.vtl"}])
2020-12-10T04:29:03.017Z|info : amplify-provider-awscloudformation.aws-s3.uploadFile.s3.putObject([{"Key":"[***]ify-[***]ync-[***]es/[***]e5e05e40d55f5b4b/[***]vers/[***]e.res.vtl","Bucket":"[***]ify-[***]ehub-[***]ev-[***]937-[***]ment"}])
2020-12-10T04:29:03.019Z|info : amplify-provider-awscloudformation.upload-appsync-files.uploadAppSyncFiles.upload.s3Client.uploadFile([{"Key":"[***]vers/[***]es.req.vtl"}])
2020-12-10T04:29:03.019Z|info : amplify-provider-awscloudformation.aws-s3.uploadFile.s3.putObject([{"Key":"[***]ify-[***]ync-[***]es/[***]e5e05e40d55f5b4b/[***]vers/[***]es.req.vtl","Bucket":"[***]ify-[***]ehub-[***]ev-[***]937-[***]ment"}])
2020-12-10T04:29:03.020Z|info : amplify-provider-awscloudformation.upload-appsync-files.uploadAppSyncFiles.upload.s3Client.uploadFile([{"Key":"[***]vers/[***]es.res.vtl"}])
2020-12-10T04:29:03.020Z|info : amplify-provider-awscloudformation.aws-s3.uploadFile.s3.putObject([{"Key":"[***]ify-[***]ync-[***]es/[***]e5e05e40d55f5b4b/[***]vers/[***]es.res.vtl","Bucket":"[***]ify-[***]ehub-[***]ev-[***]937-[***]ment"}])
2020-12-10T04:29:03.022Z|info : amplify-provider-awscloudformation.upload-appsync-files.uploadAppSyncFiles.upload.s3Client.uploadFile([{"Key":"[***]raphql"}])
2020-12-10T04:29:03.022Z|info : amplify-provider-awscloudformation.aws-s3.uploadFile.s3.putObject([{"Key":"[***]ify-[***]ync-[***]es/[***]e5e05e40d55f5b4b/[***]raphql","Bucket":"[***]ify-[***]ehub-[***]ev-[***]937-[***]ment"}])
2020-12-10T04:29:03.023Z|info : amplify-provider-awscloudformation.upload-appsync-files.uploadAppSyncFiles.upload.s3Client.uploadFile([{"Key":"[***]cks/[***]ces.json"}])
2020-12-10T04:29:03.024Z|info : amplify-provider-awscloudformation.aws-s3.uploadFile.s3.putObject([{"Key":"[***]ify-[***]ync-[***]es/[***]e5e05e40d55f5b4b/[***]cks/[***]ces.json","Bucket":"[***]ify-[***]ehub-[***]ev-[***]937-[***]ment"}])
2020-12-10T04:29:03.025Z|info : amplify-provider-awscloudformation.upload-appsync-files.uploadAppSyncFiles.upload.s3Client.uploadFile([{"Key":"[***]cks/[***]json"}])
2020-12-10T04:29:03.025Z|info : amplify-provider-awscloudformation.aws-s3.uploadFile.s3.putObject([{"Key":"[***]ify-[***]ync-[***]es/[***]e5e05e40d55f5b4b/[***]cks/[***]json","Bucket":"[***]ify-[***]ehub-[***]ev-[***]937-[***]ment"}])
2020-12-10T04:29:04.392Z|info : amplify-provider-awscloudformation.aws-s3.uploadFile.s3.putObject([{"Key":"[***]ify-[***]fn-[***]ates/[***]pi/[***]mation-[***]e.json","Bucket":"[***]ify-[***]ehub-[***]ev-[***]937-[***]ment"}])
2020-12-10T04:29:05.277Z|info : amplify-provider-awscloudformation.push-resources.updateCloudFormationNestedStack(["/Users/yangwu/side-projects/mygamehub/amplify/backend/awscloudformation","/Users/yangwu/side-projects/mygamehub/amplify/backend/awscloudformation/nested-cloudformation-stack.yml"])
2020-12-10T04:29:05.280Z|info : amplify-provider-awscloudformation.aws-s3.uploadFile.s3.putObject([{"Key":"[***]ted-[***]mation-[***].yml","Bucket":"[***]ify-[***]ehub-[***]ev-[***]937-[***]ment"}])
2020-12-10T04:31:10.608Z|info : amplify-provider-awscloudformation.utility-functions.getIntrospectionSchema.appSyncModel.appSync.getIntrospectionSchema([{"apiId":"[***]ijtqzplseni","format":"JSON"}])
2020-12-10T04:31:11.795Z|info : amplify-provider-awscloudformation.push-resources.storeCurrentcoudBackend.s3.uploadFile([{"Key":"[***]rent-[***]ud-[***]d.zip"}])
2020-12-10T04:31:11.796Z|info : amplify-provider-awscloudformation.aws-s3.uploadFile.s3.putObject([{"Key":"[***]rent-[***]ud-[***]d.zip","Bucket":"[***]ify-[***]ehub-[***]ev-[***]937-[***]ment"}])
2020-12-10T04:31:12.453Z|info : amplify-provider-awscloudformation.amplify-service-manager.s3.uploadFile([{"Key":"[***]ify-[***]json"}])
2020-12-10T04:31:12.453Z|info : amplify-provider-awscloudformation.aws-s3.uploadFile.s3.putObject([{"Key":"[***]ify-[***]json","Bucket":"[***]ify-[***]ehub-[***]ev-[***]937-[***]ment"}])
2020-12-10T04:31:12.837Z|info : amplify-provider-awscloudformation.amplify-service-manager.s3.uploadFile([{"Key":"[***]end-[***].json"}])
2020-12-10T04:31:12.838Z|info : amplify-provider-awscloudformation.aws-s3.uploadFile.s3.putObject([{"Key":"[***]end-[***].json","Bucket":"[***]ify-[***]ehub-[***]ev-[***]937-[***]ment"}])
2020-12-10T04:32:31.085Z|info : amplify console api  
2020-12-10T04:33:29.363Z|info : amplify console core  
2020-12-10T04:35:36.279Z|info : amplify add storage  
2020-12-10T04:37:34.022Z|info : amplify publish core  
2020-12-10T04:37:46.759Z|info : amplify push core  
2020-12-10T04:37:51.538Z|info : amplify-provider-awscloudformation.zip-util.downloadZip.s3.getFile([{"Key":"[***]rent-[***]ud-[***]d.zip"},null])
2020-12-10T04:37:51.540Z|info : amplify-provider-awscloudformation.aws-s3.s3.getFile([{"Key":"[***]rent-[***]ud-[***]d.zip","Bucket":"[***]ify-[***]ehub-[***]ev-[***]937-[***]ment"}])
2020-12-10T04:37:52.020Z|info : amplify-provider-awscloudformation.initialize-env.run.cfn.updateamplifyMetaFileWithStackOutputs([{"StackName":"[***]ify-[***]ehub-[***]ev-[***]937"}])
2020-12-10T04:37:52.746Z|info : amplify-provider-awscloudformation.aws-s3.s3.getFile([{"Key":"[***]ify-[***]json","Bucket":"[***]ify-[***]ehub-[***]ev-[***]937-[***]ment"}])
2020-12-10T04:37:58.537Z|info : amplify-provider-awscloudformation.aws-s3.uploadFile.s3.putObject([{"Key":"[***]ify-[***]fn-[***]ates/[***]th/[***]f5b50b2-[***]mation-[***]e.yml","Bucket":"[***]ify-[***]ehub-[***]ev-[***]937-[***]ment"}])
2020-12-10T04:37:58.540Z|info : amplify-provider-awscloudformation.aws-s3.uploadFile.s3.putObject([{"Key":"[***]ify-[***]fn-[***]ates/[***]age/[***]3-[***]mation-[***]e.json","Bucket":"[***]ify-[***]ehub-[***]ev-[***]937-[***]ment"}])
2020-12-10T04:37:59.512Z|info : amplify-provider-awscloudformation.push-resources.updateCloudFormationNestedStack(["/Users/yangwu/side-projects/mygamehub/amplify/backend/awscloudformation","/Users/yangwu/side-projects/mygamehub/amplify/backend/awscloudformation/nested-cloudformation-stack.yml"])
2020-12-10T04:37:59.516Z|info : amplify-provider-awscloudformation.aws-s3.uploadFile.s3.putObject([{"Key":"[***]ted-[***]mation-[***].yml","Bucket":"[***]ify-[***]ehub-[***]ev-[***]937-[***]ment"}])
2020-12-10T04:39:37.563Z|error : amplify-provider-awscloudformation.push-resources.updateCloudFormationNestedStack(["/Users/yangwu/side-projects/mygamehub/amplify/backend/awscloudformation","/Users/yangwu/side-projects/mygamehub/amplify/backend/awscloudformation/nested-cloudformation-stack.yml"])
ResourceNotReady: Resource is not in the state stackUpdateComplete
2020-12-10T04:39:37.671Z|info : amplify-provider-awscloudformation.push-resources.storeCurrentcoudBackend.s3.uploadFile([{"Key":"[***]rent-[***]ud-[***]d.zip"}])
2020-12-10T04:39:37.671Z|info : amplify-provider-awscloudformation.aws-s3.uploadFile.s3.putObject([{"Key":"[***]rent-[***]ud-[***]d.zip","Bucket":"[***]ify-[***]ehub-[***]ev-[***]937-[***]ment"}])
2020-12-10T04:39:38.480Z|info : amplify-provider-awscloudformation.amplify-service-manager.s3.uploadFile([{"Key":"[***]ify-[***]json"}])
2020-12-10T04:39:38.481Z|info : amplify-provider-awscloudformation.aws-s3.uploadFile.s3.putObject([{"Key":"[***]ify-[***]json","Bucket":"[***]ify-[***]ehub-[***]ev-[***]937-[***]ment"}])
2020-12-10T04:39:38.864Z|info : amplify-provider-awscloudformation.amplify-service-manager.s3.uploadFile([{"Key":"[***]end-[***].json"}])
2020-12-10T04:39:38.864Z|info : amplify-provider-awscloudformation.aws-s3.uploadFile.s3.putObject([{"Key":"[***]end-[***].json","Bucket":"[***]ify-[***]ehub-[***]ev-[***]937-[***]ment"}])
